<?xml version="1.0" encoding="UTF-8"?>
<!-- Generated by org.testng.reporters.JUnitXMLReporter -->
<testsuite ignored="1" hostname="SDN-05" failures="1" tests="2" name="SuperAdminLogin" time="73.65" errors="0" timestamp="2024-08-29T10:54:20 IST">
  <testcase classname="OrangeHRM_pratice.TestCases.SuperAdmin.Tc_001_SuperAdmin_Login" name="SuperAdminLogin" time="44.169"/>
  <testcase classname="OrangeHRM_pratice.TestCases.SuperAdmin.Tc_002_SuperAdmin_LoginPage2" name="SuperAdminLogin" time="5.081">
    <failure type="junit.framework.AssertionFailedError">
      <![CDATA[junit.framework.AssertionFailedError
at junit.framework.Assert.fail(Assert.java:47)
at junit.framework.Assert.assertTrue(Assert.java:20)
at junit.framework.Assert.assertTrue(Assert.java:27)
at OrangeHRM_pratice.PageObjects.SuperAdmin.SuperAdmin_LoginPage.OpenURL(SuperAdmin_LoginPage.java:33)
at OrangeHRM_pratice.TestCases.SuperAdmin.Tc_002_SuperAdmin_LoginPage2.SuperAdminLogin(Tc_002_SuperAdmin_LoginPage2.java:22)
at java.base/java.util.ArrayList.forEach(ArrayList.java:1596)
... Removed 25 stack frames]]>
    </failure>
  </testcase> <!-- SuperAdminLogin -->
  <testcase classname="OrangeHRM_pratice.PageObjects.BaseClass" name="@BeforeSuite loadConfig" time="0.0">
    <ignored/>
  </testcase> <!-- @BeforeSuite loadConfig -->
</testsuite> <!-- SuperAdminLogin -->
