<?xml version="1.0" encoding="UTF-8"?>
<testng-results ignored="0" total="2" passed="1" failed="1" skipped="0">
  <reporter-output>
  </reporter-output>
  <suite started-at="2024-08-29T10:53:06 IST" name="superAdmin_Login" finished-at="2024-08-29T10:54:20 IST" duration-ms="73650">
    <groups>
    </groups>
    <test started-at="2024-08-29T10:53:06 IST" name="SuperAdminLogin" finished-at="2024-08-29T10:54:20 IST" duration-ms="73650">
      <class name="OrangeHRM_pratice.TestCases.SuperAdmin.Tc_001_SuperAdmin_Login">
        <test-method is-config="true" signature="loadConfig()[pri:0, instance:OrangeHRM_pratice.TestCases.SuperAdmin.Tc_001_SuperAdmin_Login@66c9b52f]" started-at="2024-08-29T10:53:06 IST" name="loadConfig" finished-at="2024-08-29T10:53:06 IST" duration-ms="78" status="PASS">
          <reporter-output>
          </reporter-output>
        </test-method> <!-- loadConfig -->
        <test-method is-config="true" signature="SetUp()[pri:0, instance:OrangeHRM_pratice.TestCases.SuperAdmin.Tc_001_SuperAdmin_Login@66c9b52f]" started-at="2024-08-29T10:53:06 IST" name="SetUp" finished-at="2024-08-29T10:53:27 IST" duration-ms="20502" status="PASS">
          <reporter-output>
          </reporter-output>
        </test-method> <!-- SetUp -->
        <test-method signature="SuperAdminLogin()[pri:0, instance:OrangeHRM_pratice.TestCases.SuperAdmin.Tc_001_SuperAdmin_Login@66c9b52f]" started-at="2024-08-29T10:53:27 IST" name="SuperAdminLogin" finished-at="2024-08-29T10:54:11 IST" duration-ms="44169" status="PASS">
          <reporter-output>
          </reporter-output>
        </test-method> <!-- SuperAdminLogin -->
        <test-method is-config="true" signature="tearDown()[pri:0, instance:OrangeHRM_pratice.TestCases.SuperAdmin.Tc_001_SuperAdmin_Login@66c9b52f]" started-at="2024-08-29T10:54:11 IST" name="tearDown" finished-at="2024-08-29T10:54:12 IST" duration-ms="646" status="PASS">
          <reporter-output>
          </reporter-output>
        </test-method> <!-- tearDown -->
      </class> <!-- OrangeHRM_pratice.TestCases.SuperAdmin.Tc_001_SuperAdmin_Login -->
      <class name="OrangeHRM_pratice.TestCases.SuperAdmin.Tc_002_SuperAdmin_LoginPage2">
        <test-method is-config="true" signature="SetUp()[pri:0, instance:OrangeHRM_pratice.TestCases.SuperAdmin.Tc_002_SuperAdmin_LoginPage2@7792d851]" started-at="2024-08-29T10:54:12 IST" name="SetUp" finished-at="2024-08-29T10:54:14 IST" duration-ms="2492" status="PASS">
          <reporter-output>
          </reporter-output>
        </test-method> <!-- SetUp -->
        <test-method signature="SuperAdminLogin()[pri:0, instance:OrangeHRM_pratice.TestCases.SuperAdmin.Tc_002_SuperAdmin_LoginPage2@7792d851]" started-at="2024-08-29T10:54:14 IST" name="SuperAdminLogin" finished-at="2024-08-29T10:54:19 IST" duration-ms="5081" status="FAIL">
          <exception class="junit.framework.AssertionFailedError">
            <full-stacktrace>
              <![CDATA[junit.framework.AssertionFailedError
at junit.framework.Assert.fail(Assert.java:47)
at junit.framework.Assert.assertTrue(Assert.java:20)
at junit.framework.Assert.assertTrue(Assert.java:27)
at OrangeHRM_pratice.PageObjects.SuperAdmin.SuperAdmin_LoginPage.OpenURL(SuperAdmin_LoginPage.java:33)
at OrangeHRM_pratice.TestCases.SuperAdmin.Tc_002_SuperAdmin_LoginPage2.SuperAdminLogin(Tc_002_SuperAdmin_LoginPage2.java:22)
at java.base/jdk.internal.reflect.DirectMethodHandleAccessor.invoke(DirectMethodHandleAccessor.java:103)
at java.base/java.lang.reflect.Method.invoke(Method.java:580)
at org.testng.internal.invokers.MethodInvocationHelper.invokeMethod(MethodInvocationHelper.java:141)
at org.testng.internal.invokers.TestInvoker.invokeMethod(TestInvoker.java:686)
at org.testng.internal.invokers.TestInvoker.invokeTestMethod(TestInvoker.java:230)
at org.testng.internal.invokers.MethodRunner.runInSequence(MethodRunner.java:63)
at org.testng.internal.invokers.TestInvoker$MethodInvocationAgent.invoke(TestInvoker.java:992)
at org.testng.internal.invokers.TestInvoker.invokeTestMethods(TestInvoker.java:203)
at org.testng.internal.invokers.TestMethodWorker.invokeTestMethods(TestMethodWorker.java:154)
at org.testng.internal.invokers.TestMethodWorker.run(TestMethodWorker.java:134)
at java.base/java.util.ArrayList.forEach(ArrayList.java:1596)
at org.testng.TestRunner.privateRun(TestRunner.java:739)
at org.testng.TestRunner.run(TestRunner.java:614)
at org.testng.SuiteRunner.runTest(SuiteRunner.java:421)
at org.testng.SuiteRunner.runSequentially(SuiteRunner.java:413)
at org.testng.SuiteRunner.privateRun(SuiteRunner.java:373)
at org.testng.SuiteRunner.run(SuiteRunner.java:312)
at org.testng.SuiteRunnerWorker.runSuite(SuiteRunnerWorker.java:52)
at org.testng.SuiteRunnerWorker.run(SuiteRunnerWorker.java:95)
at org.testng.TestNG.runSuitesSequentially(TestNG.java:1274)
at org.testng.TestNG.runSuitesLocally(TestNG.java:1208)
at org.testng.TestNG.runSuites(TestNG.java:1112)
at org.testng.TestNG.run(TestNG.java:1079)
at org.testng.remote.AbstractRemoteTestNG.run(AbstractRemoteTestNG.java:115)
at org.testng.remote.RemoteTestNG.initAndRun(RemoteTestNG.java:293)
at org.testng.remote.RemoteTestNG.main(RemoteTestNG.java:91)
]]>
            </full-stacktrace>
          </exception> <!-- junit.framework.AssertionFailedError -->
          <reporter-output>
          </reporter-output>
        </test-method> <!-- SuperAdminLogin -->
        <test-method is-config="true" signature="tearDown()[pri:0, instance:OrangeHRM_pratice.TestCases.SuperAdmin.Tc_002_SuperAdmin_LoginPage2@7792d851]" started-at="2024-08-29T10:54:19 IST" name="tearDown" finished-at="2024-08-29T10:54:20 IST" duration-ms="437" status="PASS">
          <reporter-output>
          </reporter-output>
        </test-method> <!-- tearDown -->
      </class> <!-- OrangeHRM_pratice.TestCases.SuperAdmin.Tc_002_SuperAdmin_LoginPage2 -->
    </test> <!-- SuperAdminLogin -->
  </suite> <!-- superAdmin_Login -->
</testng-results>
