<?xml version="1.0" encoding="UTF-8"?>
<testng-results ignored="0" total="1" passed="1" failed="0" skipped="0">
  <reporter-output>
  </reporter-output>
  <suite started-at="2024-09-06T18:08:19 IST" name="superAdmin_Login" finished-at="2024-09-06T18:10:23 IST" duration-ms="123965">
    <groups>
    </groups>
    <test started-at="2024-09-06T18:08:19 IST" name="SuperAdminLogin" finished-at="2024-09-06T18:10:23 IST" duration-ms="123965">
      <class name="OrangeHRM_pratice.TestCases.SuperAdmin.Tc_002_Add_New_Employee">
        <test-method is-config="true" signature="loadConfig()[pri:0, instance:OrangeHRM_pratice.TestCases.SuperAdmin.Tc_002_Add_New_Employee@4dcbae55]" started-at="2024-09-06T18:08:19 IST" name="loadConfig" finished-at="2024-09-06T18:08:19 IST" duration-ms="54" status="PASS">
          <reporter-output>
          </reporter-output>
        </test-method> <!-- loadConfig -->
        <test-method is-config="true" signature="SetUp()[pri:0, instance:OrangeHRM_pratice.TestCases.SuperAdmin.Tc_002_Add_New_Employee@4dcbae55]" started-at="2024-09-06T18:08:19 IST" name="SetUp" finished-at="2024-09-06T18:08:23 IST" duration-ms="3916" status="PASS">
          <reporter-output>
          </reporter-output>
        </test-method> <!-- SetUp -->
        <test-method signature="create_New_Acc_by_clicking_on_Add_Employee_button()[pri:0, instance:OrangeHRM_pratice.TestCases.SuperAdmin.Tc_002_Add_New_Employee@4dcbae55]" started-at="2024-09-06T18:08:23 IST" name="create_New_Acc_by_clicking_on_Add_Employee_button" finished-at="2024-09-06T18:10:22 IST" duration-ms="119364" status="PASS">
          <reporter-output>
          </reporter-output>
        </test-method> <!-- create_New_Acc_by_clicking_on_Add_Employee_button -->
        <test-method is-config="true" signature="tearDown()[pri:0, instance:OrangeHRM_pratice.TestCases.SuperAdmin.Tc_002_Add_New_Employee@4dcbae55]" started-at="2024-09-06T18:10:22 IST" name="tearDown" finished-at="2024-09-06T18:10:23 IST" duration-ms="546" status="PASS">
          <reporter-output>
          </reporter-output>
        </test-method> <!-- tearDown -->
      </class> <!-- OrangeHRM_pratice.TestCases.SuperAdmin.Tc_002_Add_New_Employee -->
    </test> <!-- SuperAdminLogin -->
  </suite> <!-- superAdmin_Login -->
</testng-results>
